# List of loaded electron processes to BOLSIG+ solver.
# Can be used as references for reaction rates in input kinetics.
C1_CO2_Elastic
CO2->CO2(VA)
CO2->CO2(VB)
CO2->CO2(VC)
CO2->CO2(VD)
CO2->CO2(V1)
CO2->CO2(V2)
CO2->CO2(V3)
CO2->CO2(V4)
CO2->CO2(V5)
CO2->CO2(V6)
CO2->CO2(V7)
CO2->CO2(V8)
CO2->CO2(V9)
CO2->CO2(V10)
CO2->CO2(V11)
CO2->CO2(V12)
CO2->CO2(V13)
CO2->CO2(V14)
CO2->CO2(V15)
CO2->CO2(V16)
CO2->CO2(V17)
CO2->CO2(V18)
CO2->CO2(V19)
CO2->CO2(V20)
CO2->CO2(V21)
CO2->CO+O^-
CO2->CO+O
CO2->CO2^+
CO2->O^+
CO2->CO^+
CO2->C^+
CO2->CO2(E1)
CO2->CO2(E2)
C35_CO2(VA)_Elastic
CO2(VA)->CO2(V1)
CO2(VA)->CO2(V2)
CO2(VA)->CO2(V3)
CO2(VA)->CO2(V4)
CO2(VA)->CO2(V5)
CO2(VA)->CO2(V6)
CO2(VA)->CO2(V7)
CO2(VA)->CO2(V8)
CO2(VA)->CO2(V9)
CO2(VA)->CO2(V10)
CO2(VA)->CO2(V11)
CO2(VA)->CO2(V12)
CO2(VA)->CO2(V13)
CO2(VA)->CO2(V14)
CO2(VA)->CO2(V15)
CO2(VA)->CO2(V16)
CO2(VA)->CO2(V17)
CO2(VA)->CO2(V18)
CO2(VA)->CO2(V19)
CO2(VA)->CO2(V20)
CO2(VA)->CO2(V21)
CO2(VA)->CO+O^-
CO2(VA)->CO+O
CO2(VA)->CO2^+
CO2(VA)->O^+
CO2(VA)->CO^+
CO2(VA)->C^+
CO2(VA)->CO2(E1)
CO2(VA)->CO2(E2)
C65_CO2(VB)_Elastic
CO2(VB)->CO2(V1)
CO2(VB)->CO2(V2)
CO2(VB)->CO2(V3)
CO2(VB)->CO2(V4)
CO2(VB)->CO2(V5)
CO2(VB)->CO2(V6)
CO2(VB)->CO2(V7)
CO2(VB)->CO2(V8)
CO2(VB)->CO2(V9)
CO2(VB)->CO2(V10)
CO2(VB)->CO2(V11)
CO2(VB)->CO2(V12)
CO2(VB)->CO2(V13)
CO2(VB)->CO2(V14)
CO2(VB)->CO2(V15)
CO2(VB)->CO2(V16)
CO2(VB)->CO2(V17)
CO2(VB)->CO2(V18)
CO2(VB)->CO2(V19)
CO2(VB)->CO2(V20)
CO2(VB)->CO2(V21)
CO2(VB)->CO+O^-
CO2(VB)->CO+O
CO2(VB)->CO2^+
CO2(VB)->O^+
CO2(VB)->CO^+
CO2(VB)->C^+
CO2(VB)->CO2(E1)
CO2(VB)->CO2(E2)
C95_CO2(VC)_Elastic
CO2(VC)->CO2(V1)
CO2(VC)->CO2(V2)
CO2(VC)->CO2(V3)
CO2(VC)->CO2(V4)
CO2(VC)->CO2(V5)
CO2(VC)->CO2(V6)
CO2(VC)->CO2(V7)
CO2(VC)->CO2(V8)
CO2(VC)->CO2(V9)
CO2(VC)->CO2(V10)
CO2(VC)->CO2(V11)
CO2(VC)->CO2(V12)
CO2(VC)->CO2(V13)
CO2(VC)->CO2(V14)
CO2(VC)->CO2(V15)
CO2(VC)->CO2(V16)
CO2(VC)->CO2(V17)
CO2(VC)->CO2(V18)
CO2(VC)->CO2(V19)
CO2(VC)->CO2(V20)
CO2(VC)->CO2(V21)
CO2(VC)->CO+O^-
CO2(VC)->CO+O
CO2(VC)->CO2^+
CO2(VC)->O^+
CO2(VC)->CO^+
CO2(VC)->C^+
CO2(VC)->CO2(E1)
CO2(VC)->CO2(E2)
C125_CO2(VD)_Elastic
CO2(VD)->CO2(V1)
CO2(VD)->CO2(V2)
CO2(VD)->CO2(V3)
CO2(VD)->CO2(V4)
CO2(VD)->CO2(V5)
CO2(VD)->CO2(V6)
CO2(VD)->CO2(V7)
CO2(VD)->CO2(V8)
CO2(VD)->CO2(V9)
CO2(VD)->CO2(V10)
CO2(VD)->CO2(V11)
CO2(VD)->CO2(V12)
CO2(VD)->CO2(V13)
CO2(VD)->CO2(V14)
CO2(VD)->CO2(V15)
CO2(VD)->CO2(V16)
CO2(VD)->CO2(V17)
CO2(VD)->CO2(V18)
CO2(VD)->CO2(V19)
CO2(VD)->CO2(V20)
CO2(VD)->CO2(V21)
CO2(VD)->CO+O^-
CO2(VD)->CO+O
CO2(VD)->CO2^+
CO2(VD)->O^+
CO2(VD)->CO^+
CO2(VD)->C^+
CO2(VD)->CO2(E1)
CO2(VD)->CO2(E2)
C155_CO2(V1)_Elastic
CO2(V1)->CO2(V2)
CO2(V1)->CO2(V3)
CO2(V1)->CO2(V4)
CO2(V1)->CO2(V5)
CO2(V1)->CO2(V6)
CO2(V1)->CO2(V7)
CO2(V1)->CO2(V8)
CO2(V1)->CO2(V9)
CO2(V1)->CO2(V10)
CO2(V1)->CO2(V11)
CO2(V1)->CO2(V12)
CO2(V1)->CO2(V13)
CO2(V1)->CO2(V14)
CO2(V1)->CO2(V15)
CO2(V1)->CO2(V16)
CO2(V1)->CO2(V17)
CO2(V1)->CO2(V18)
CO2(V1)->CO2(V19)
CO2(V1)->CO2(V20)
CO2(V1)->CO2(V21)
CO2(V1)->CO+O
CO2(V1)->CO2^+
CO2(V1)->O^+
CO2(V1)->CO^+
CO2(V1)->C^+
CO2(V1)->CO2(E1)
CO2(V1)->CO2(E2)
C183_CO2(V2)_Elastic
CO2(V2)->CO2(V3)
CO2(V2)->CO2(V4)
CO2(V2)->CO2(V5)
CO2(V2)->CO2(V6)
CO2(V2)->CO2(V7)
CO2(V2)->CO2(V8)
CO2(V2)->CO2(V9)
CO2(V2)->CO2(V10)
CO2(V2)->CO2(V11)
CO2(V2)->CO2(V12)
CO2(V2)->CO2(V13)
CO2(V2)->CO2(V14)
CO2(V2)->CO2(V15)
CO2(V2)->CO2(V16)
CO2(V2)->CO2(V17)
CO2(V2)->CO2(V18)
CO2(V2)->CO2(V19)
CO2(V2)->CO2(V20)
CO2(V2)->CO2(V21)
CO2(V2)->CO+O
CO2(V2)->CO2^+
CO2(V2)->O^+
CO2(V2)->CO^+
CO2(V2)->C^+
CO2(V2)->CO2(E1)
CO2(V2)->CO2(E2)
C210_CO2(V3)_Elastic
CO2(V3)->CO2(V4)
CO2(V3)->CO2(V5)
CO2(V3)->CO2(V6)
CO2(V3)->CO2(V7)
CO2(V3)->CO2(V8)
CO2(V3)->CO2(V9)
CO2(V3)->CO2(V10)
CO2(V3)->CO2(V11)
CO2(V3)->CO2(V12)
CO2(V3)->CO2(V13)
CO2(V3)->CO2(V14)
CO2(V3)->CO2(V15)
CO2(V3)->CO2(V16)
CO2(V3)->CO2(V17)
CO2(V3)->CO2(V18)
CO2(V3)->CO2(V19)
CO2(V3)->CO2(V20)
CO2(V3)->CO2(V21)
CO2(V3)->CO+O
CO2(V3)->CO2^+
CO2(V3)->O^+
CO2(V3)->CO^+
CO2(V3)->C^+
CO2(V3)->CO2(E1)
CO2(V3)->CO2(E2)
C236_CO2(V4)_Elastic
CO2(V4)->CO2(V5)
CO2(V4)->CO2(V6)
CO2(V4)->CO2(V7)
CO2(V4)->CO2(V8)
CO2(V4)->CO2(V9)
CO2(V4)->CO2(V10)
CO2(V4)->CO2(V11)
CO2(V4)->CO2(V12)
CO2(V4)->CO2(V13)
CO2(V4)->CO2(V14)
CO2(V4)->CO2(V15)
CO2(V4)->CO2(V16)
CO2(V4)->CO2(V17)
CO2(V4)->CO2(V18)
CO2(V4)->CO2(V19)
CO2(V4)->CO2(V20)
CO2(V4)->CO2(V21)
CO2(V4)->CO+O
CO2(V4)->CO2^+
CO2(V4)->O^+
CO2(V4)->CO^+
CO2(V4)->C^+
CO2(V4)->CO2(E1)
CO2(V4)->CO2(E2)
C261_CO2(V5)_Elastic
CO2(V5)->CO2(V6)
CO2(V5)->CO2(V7)
CO2(V5)->CO2(V8)
CO2(V5)->CO2(V9)
CO2(V5)->CO2(V10)
CO2(V5)->CO2(V11)
CO2(V5)->CO2(V12)
CO2(V5)->CO2(V13)
CO2(V5)->CO2(V14)
CO2(V5)->CO2(V15)
CO2(V5)->CO2(V16)
CO2(V5)->CO2(V17)
CO2(V5)->CO2(V18)
CO2(V5)->CO2(V19)
CO2(V5)->CO2(V20)
CO2(V5)->CO2(V21)
CO2(V5)->CO+O
CO2(V5)->CO2^+
CO2(V5)->O^+
CO2(V5)->CO^+
CO2(V5)->C^+
CO2(V5)->CO2(E1)
CO2(V5)->CO2(E2)
C285_CO2(V6)_Elastic
CO2(V6)->CO+O
CO2(V6)->CO2^+
CO2(V6)->O^+
CO2(V6)->CO^+
CO2(V6)->C^+
CO2(V6)->CO2(E1)
CO2(V6)->CO2(E2)
C293_CO2(V7)_Elastic
CO2(V7)->CO+O
CO2(V7)->CO2^+
CO2(V7)->O^+
CO2(V7)->CO^+
CO2(V7)->C^+
CO2(V7)->CO2(E1)
CO2(V7)->CO2(E2)
C301_CO2(V8)_Elastic
CO2(V8)->CO+O
CO2(V8)->CO2^+
CO2(V8)->O^+
CO2(V8)->CO^+
CO2(V8)->C^+
CO2(V8)->CO2(E1)
CO2(V8)->CO2(E2)
C309_CO2(V9)_Elastic
CO2(V9)->CO+O
CO2(V9)->CO2^+
CO2(V9)->O^+
CO2(V9)->CO^+
CO2(V9)->C^+
CO2(V9)->CO2(E1)
CO2(V9)->CO2(E2)
C317_CO2(V10)_Elastic
CO2(V10)->CO+O
CO2(V10)->CO2^+
CO2(V10)->O^+
CO2(V10)->CO^+
CO2(V10)->C^+
CO2(V10)->CO2(E1)
CO2(V10)->CO2(E2)
C325_CO2(V11)_Elastic
CO2(V11)->CO+O
CO2(V11)->CO2^+
CO2(V11)->O^+
CO2(V11)->CO^+
CO2(V11)->C^+
CO2(V11)->CO2(E1)
CO2(V11)->CO2(E2)
C333_CO2(V12)_Elastic
CO2(V12)->CO+O
CO2(V12)->CO2^+
CO2(V12)->O^+
CO2(V12)->CO^+
CO2(V12)->C^+
CO2(V12)->CO2(E1)
CO2(V12)->CO2(E2)
C341_CO2(V13)_Elastic
CO2(V13)->CO+O
CO2(V13)->CO2^+
CO2(V13)->O^+
CO2(V13)->CO^+
CO2(V13)->C^+
CO2(V13)->CO2(E1)
CO2(V13)->CO2(E2)
C349_CO2(V14)_Elastic
CO2(V14)->CO+O
CO2(V14)->CO2^+
CO2(V14)->O^+
CO2(V14)->CO^+
CO2(V14)->C^+
CO2(V14)->CO2(E1)
CO2(V14)->CO2(E2)
C357_CO2(V15)_Elastic
CO2(V15)->CO+O
CO2(V15)->CO2^+
CO2(V15)->O^+
CO2(V15)->CO^+
CO2(V15)->C^+
CO2(V15)->CO2(E1)
CO2(V15)->CO2(E2)
C365_CO2(V16)_Elastic
CO2(V16)->CO+O
CO2(V16)->CO2^+
CO2(V16)->O^+
CO2(V16)->CO^+
CO2(V16)->C^+
CO2(V16)->CO2(E1)
CO2(V16)->CO2(E2)
C373_CO2(V17)_Elastic
CO2(V17)->CO+O
CO2(V17)->CO2^+
CO2(V17)->O^+
CO2(V17)->CO^+
CO2(V17)->C^+
CO2(V17)->CO2(E1)
CO2(V17)->CO2(E2)
C381_CO2(V18)_Elastic
CO2(V18)->CO+O
CO2(V18)->CO2^+
CO2(V18)->O^+
CO2(V18)->CO^+
CO2(V18)->C^+
CO2(V18)->CO2(E1)
CO2(V18)->CO2(E2)
C389_CO2(V19)_Elastic
CO2(V19)->CO+O
CO2(V19)->CO2^+
CO2(V19)->O^+
CO2(V19)->CO^+
CO2(V19)->C^+
CO2(V19)->CO2(E1)
CO2(V19)->CO2(E2)
C397_CO2(V20)_Elastic
CO2(V20)->CO+O
CO2(V20)->CO2^+
CO2(V20)->O^+
CO2(V20)->CO^+
CO2(V20)->C^+
CO2(V20)->CO2(E1)
CO2(V20)->CO2(E2)
C405_CO2(V21)_Elastic
CO2(V21)->CO+O
CO2(V21)->CO2^+
CO2(V21)->O^+
CO2(V21)->CO^+
CO2(V21)->C^+
CO2(V21)->CO2(E1)
CO2(V21)->CO2(E2)
CO2(E1)->CO2
CO2(E2)->CO2
C415_CO_Effective_(momentum)
CO->CO(V1)
CO->CO(V2)
CO->CO(V3)
CO->CO(V4)
CO->CO(V5)
CO->CO(V6)
CO->CO(V7)
CO->CO(V8)
CO->CO(V9)
CO->CO(V10)
CO->CO(V1)
CO->CO(V2)
CO->CO(V3)
CO->CO(V4)
CO->CO(V5)
CO->CO(V6)
CO->CO(V7)
CO->CO(V8)
CO->CO(V9)
CO->CO(V10)
CO->CO(E1)
CO->CO(E2)
CO->CO(E3)
CO->CO(E4)
CO->C+O
CO->CO^+
CO->C^+
CO->O^+
CO->O^-
C445_CO(V1)_Effective_(momentum)
CO(V1)->CO(V2)
CO(V1)->CO(V3)
CO(V1)->CO(V4)
CO(V1)->CO(V5)
CO(V1)->CO(V6)
CO(V1)->CO(V7)
CO(V1)->CO(V8)
CO(V1)->CO(V9)
CO(V1)->CO(V10)
CO(V1)->CO(V11)
CO(V1)->CO(E1)
CO(V1)->CO(E2)
CO(V1)->CO(E3)
CO(V1)->CO(E4)
CO(V1)->C+O
CO(V1)->CO^+
CO(V1)->C^+
CO(V1)->O^+
C464_CO(V2)_Effective_(momentum)
CO(V2)->CO(V3)
CO(V2)->CO(V4)
CO(V2)->CO(V5)
CO(V2)->CO(V6)
CO(V2)->CO(V7)
CO(V2)->CO(V8)
CO(V2)->CO(V9)
CO(V2)->CO(V10)
CO(V2)->CO(V11)
CO(V2)->CO(V12)
CO(V2)->CO(E1)
CO(V2)->CO(E2)
CO(V2)->CO(E3)
CO(V2)->CO(E4)
CO(V2)->C+O
CO(V2)->CO^+
CO(V2)->C^+
CO(V2)->O^+
C483_CO(V3)_Effective_(momentum)
CO(V3)->CO(V4)
CO(V3)->CO(V5)
CO(V3)->CO(V6)
CO(V3)->CO(V7)
CO(V3)->CO(V8)
CO(V3)->CO(V9)
CO(V3)->CO(V10)
CO(V3)->CO(V11)
CO(V3)->CO(V12)
CO(V3)->CO(V13)
CO(V3)->CO(E1)
CO(V3)->CO(E2)
CO(V3)->CO(E3)
CO(V3)->CO(E4)
CO(V3)->C+O
CO(V3)->CO^+
CO(V3)->C^+
CO(V3)->O^+
C502_CO(V4)_Effective_(momentum)
CO(V4)->CO(V5)
CO(V4)->CO(V6)
CO(V4)->CO(V7)
CO(V4)->CO(V8)
CO(V4)->CO(V9)
CO(V4)->CO(V10)
CO(V4)->CO(V11)
CO(V4)->CO(V12)
CO(V4)->CO(V13)
CO(V4)->CO(V14)
CO(V4)->CO(E1)
CO(V4)->CO(E2)
CO(V4)->CO(E3)
CO(V4)->CO(E4)
CO(V4)->C+O
CO(V4)->CO^+
CO(V4)->C^+
CO(V4)->O^+
C521_CO(V5)_Effective_(momentum)
CO(V5)->CO(V6)
CO(V5)->CO(V7)
CO(V5)->CO(V8)
CO(V5)->CO(V9)
CO(V5)->CO(V10)
CO(V5)->CO(V11)
CO(V5)->CO(V12)
CO(V5)->CO(V13)
CO(V5)->CO(V14)
CO(V5)->CO(V15)
CO(V5)->CO(E1)
CO(V5)->CO(E2)
CO(V5)->CO(E3)
CO(V5)->CO(E4)
CO(V5)->C+O
CO(V5)->CO^+
CO(V5)->C^+
CO(V5)->O^+
C540_CO(V6)_Effective_(momentum)
CO(V6)->CO(E1)
CO(V6)->CO(E2)
CO(V6)->CO(E3)
CO(V6)->CO(E4)
CO(V6)->C+O
CO(V6)->CO^+
CO(V6)->C^+
CO(V6)->O^+
C549_CO(V7)_Effective_(momentum)
CO(V7)->CO(E1)
CO(V7)->CO(E2)
CO(V7)->CO(E3)
CO(V7)->CO(E4)
CO(V7)->C+O
CO(V7)->CO^+
CO(V7)->C^+
CO(V7)->O^+
C558_CO(V8)_Effective_(momentum)
CO(V8)->CO(E1)
CO(V8)->CO(E2)
CO(V8)->CO(E3)
CO(V8)->CO(E4)
CO(V8)->C+O
CO(V8)->CO^+
CO(V8)->C^+
CO(V8)->O^+
C567_CO(V9)_Effective_(momentum)
CO(V9)->CO(E1)
CO(V9)->CO(E2)
CO(V9)->CO(E3)
CO(V9)->CO(E4)
CO(V9)->C+O
CO(V9)->CO^+
CO(V9)->C^+
CO(V9)->O^+
C576_CO(V10)_Effective_(momentum)
CO(V10)->CO(E1)
CO(V10)->CO(E2)
CO(V10)->CO(E3)
CO(V10)->CO(E4)
CO(V10)->C+O
CO(V10)->CO^+
CO(V10)->C^+
CO(V10)->O^+
CO(E1)->CO
CO(E2)->CO
CO(E3)->CO
CO(E4)->CO
O2->O2^-
O2->O^-
C591_O2_Effective_(momentum)
O2->O+O
O2->O2^+
O2->O^+
O2->O2(E1)
O2->O2(E2)
O2->O2(V1)RES
O2->O2(V1)
O2->O2(V2)RES
O2->O2(V2)
O2->O2(V3)RES
O2->O2(V3)
O2->O2(V4)RES
O2->O2(V4)
O2(V1)->O2
O2(V2)->O2
O2(V3)->O2
O2(V4)->O2
O2(E1)->O2
O2(E2)->O2
O3->O^-
O3->O2^-
C613_O3_Effective_(momentum)
O3->O2+O
O3->O2^+
O3->O^+
C617_O_Effective_(momentum)
O->O^+
C619_C_Effective_(momentum)
C->C^+
C2->C+C
C2->C2^+
