# List of loaded electron processes to BOLSIG+ solver.
# Can be used as references for reaction rates in input kinetics.
C1_CO2_Elastic
CO2->CO2(VA)
CO2->CO2(VB)
CO2->CO2(VC)
CO2->CO2(VD)
CO2->CO2(V1)
CO2->CO+O^-
CO2->CO+O
CO2->CO2^+
CO2->O^+
CO2->CO^+
CO2->C^+
CO2->CO2(E1)
CO2->CO2(E2)
C15_CO2(VA)_Elastic
CO2(VA)->CO2
CO2(VA)->CO2(V1)
CO2(VA)->CO+O^-
CO2(VA)->CO+O
CO2(VA)->CO2^+
CO2(VA)->O^+
CO2(VA)->CO^+
CO2(VA)->C^+
CO2(VA)->CO2(E1)
CO2(VA)->CO2(E2)
C26_CO2(VB)_Elastic
CO2(VB)->CO2
CO2(VB)->CO2(V1)
CO2(VB)->CO+O^-
CO2(VB)->CO+O
CO2(VB)->CO2^+
CO2(VB)->O^+
CO2(VB)->CO^+
CO2(VB)->C^+
CO2(VB)->CO2(E1)
CO2(VB)->CO2(E2)
C37_CO2(VD)_Elastic
CO2(VD)->CO2
CO2(VD)->CO2(V1)
CO2(VD)->CO+O^-
CO2(VD)->CO+O
CO2(VD)->CO2^+
CO2(VD)->O^+
CO2(VD)->CO^+
CO2(VD)->C^+
CO2(VD)->CO2(E1)
CO2(VD)->CO2(E2)
C48_CO2(V1)_Elastic
CO2(V1)->CO2
CO2(V1)->CO2
CO2(V1)->CO+O^-
CO2(V1)->CO+O
CO2(V1)->CO2^+
CO2(V1)->O^+
CO2(V1)->CO^+
CO2(V1)->C^+
CO2(V1)->CO2(E1)
CO2(V1)->CO2(E2)
CO2(E1)->CO+O
CO2(E1)->CO2^+
CO2(E1)->O^+
CO2(E1)->CO^+
CO2(E1)->C^+
CO2(E1)->CO2
CO2(E2)->CO+O
CO2(E2)->CO2^+
CO2(E2)->O^+
CO2(E2)->CO^+
CO2(E2)->C^+
CO2(E2)->CO2
C71_CO_Effective_(momentum)
CO->CO(V1)
CO->CO(V1)
CO->CO(E1)
CO->CO(E2)
CO->CO(E3)
CO->CO(E4)
CO->C+O
CO->CO^+
CO->C^+
CO->O^+
CO->O^-
C83_CO(V1)_Effective_(momentum)
CO(V1)->CO
CO(V1)->CO(E1)
CO(V1)->CO(E2)
CO(V1)->CO(E3)
CO(V1)->CO(E4)
CO(V1)->C+O
CO(V1)->CO^+
CO(V1)->C^+
CO(V1)->O^+
CO(V1)->O^-
CO(E1)->CO
CO(E1)->C+O
CO(E1)->CO^+
CO(E1)->C^+
CO(E1)->O^+
CO(E2)->CO
CO(E2)->C+O
CO(E2)->CO^+
CO(E2)->C^+
CO(E2)->O^+
CO(E3)->CO
CO(E3)->C+O
CO(E3)->CO^+
CO(E3)->C^+
CO(E3)->O^+
CO(E4)->CO
CO(E4)->C+O
CO(E4)->CO^+
CO(E4)->C^+
CO(E4)->O^+
O2->O2^-
O2->O^-
C116_O2_Effective_(momentum)
O2->O+O
O2->O2^+
O2->O^+
O2->O2(E1)
O2->O2(E2)
O2->O2(V1)RES
O2->O2(V1)
O2->O2(V2)RES
O2->O2(V2)
O2->O2(V3)RES
O2->O2(V3)
O2->O2(V4)RES
O2->O2(V4)
O2(V1)->O2
O2(V2)->O2
O2(V3)->O2
O2(E1)->O+O
O2(E1)->O2^+
O2(E1)->O^+
O2(E1)->O2
O2(E2)->O+O
O2(E2)->O2^+
O2(E2)->O^+
O2(E2)->O2
O3->O^-
O3->O2^-
C143_O3_Effective_(momentum)
O3->O2+O
O3->O2^+
O3->O^+
C147_O_Effective_(momentum)
O->O^+
C149_C_Effective_(momentum)
C->C^+
C2->C+C
C2->C2^+
